[2016-04-25 15:24:21] START
[2016-04-25 15:24:21] EDIT estore3/views/default/index.html: 0
[2016-04-25 15:24:29] EDIT estore3/views/default/index.html: 0
[2016-04-25 15:24:40] EDIT estore3/views/default/index.html: 0
[2016-04-25 15:24:47] EDIT estore3/views/default/index.html: 0
[2016-04-25 15:24:53] EDIT estore3/views/default/index.html: 0
[2016-04-25 15:25:03] EDIT estore3/views/default/index.html: 0
[2016-04-25 15:27:55] EDIT estore3/static/css/custom.css: 0
[2016-04-25 15:28:58] EDIT estore3/static/css/custom.css: 0
[2016-04-25 15:30:01] EDIT estore3/static/css/custom.css: 0
[2016-04-25 15:31:11] EDIT estore3/views/default/index.html: 0
[2016-04-25 15:32:24] EDIT estore3/static/css/custom.css: 0
[2016-04-25 15:33:01] EDIT estore3/static/css/custom.css: 2
[2016-04-25 15:33:17] EDIT estore3/static/css/custom.css: -2
[2016-04-25 15:33:40] EDIT estore3/views/default/index.html: 2
[2016-04-25 15:33:56] EDIT estore3/views/default/index.html: -2
[2016-04-25 15:34:40] EDIT estore3/controllers/default.py: 2
[2016-04-25 15:35:00] EDIT estore3/controllers/default.py: -2
[2016-04-25 15:35:39] EDIT estore3/controllers/default.py: 2
[2016-04-25 15:36:05] EDIT estore3/controllers/default.py: 0
[2016-04-25 15:36:21] EDIT estore3/controllers/default.py: -2
[2016-04-25 15:39:27] EDIT estore3/static/css/custom.css: 0
[2016-04-25 15:39:58] EDIT estore3/static/css/custom.css: 0
[2016-04-25 15:40:11] EDIT estore3/static/css/custom.css: 0
[2016-04-25 15:46:10] EDIT estore3/static/css/custom.css: 0
[2016-04-25 15:47:18] DELETE estore3/static/css/custom.css: -41
[2016-04-25 15:58:57] EDIT estore3/static/css/custom.css: 0
[2016-04-25 16:04:26] DELETE estore3/static/css/custom.css: -41
[2016-04-25 16:04:41] DELETE estore3/static/css/custom.css.bak: -41
[2016-04-25 16:13:48] UPLOAD /Applications/web2py.app/Contents/Resources/applications/estore3/static/custom.css: 41
[2016-04-25 16:24:44] EDIT estore3/static/css/custom.css: 0
[2016-04-25 16:27:06] EDIT estore3/static/css/custom.css: 0
[2016-04-27 18:50:01] EDIT estore3/models/db1.py: 0
[2016-04-27 18:57:04] EDIT estore3/models/db1.py: 0
[2016-04-27 18:57:47] EDIT estore3/models/db1.py: 0
[2016-04-27 18:59:40] EDIT estore3/models/db1.py: 0
[2016-04-27 19:00:37] EDIT estore3/models/db1.py: 0
[2016-04-27 19:02:59] EDIT estore3/models/db1.py: 0
[2016-04-27 19:16:07] CREATE test.py: 0
[2016-04-27 19:16:12] DELETE estore3/models/test.py: 0
[2016-04-27 19:16:27] CREATE test.txt: 0
[2016-04-27 19:16:39] DELETE estore3/views/test.txt: 0
[2016-04-27 19:17:47] EDIT estore3/models/db1.py: 0
[2016-04-27 19:24:00] EDIT estore3/models/db1.py: 1
[2016-04-27 19:24:12] EDIT estore3/models/db1.py: 0
[2016-04-27 19:25:58] EDIT estore3/models/db1.py: 0
[2016-04-27 19:27:44] EDIT estore3/models/db1.py: 0
